Added Component: Designator=C1(C0805_L)
Add component (AddParameter): Name = "BOM名称"; Value = "无极性贴片电容"; VariantName = "[No Variations]"
Add component (AddParameter): Name = "联系卖家，免费查找封装"; Value = "唯一出售店铺网址https://shop463601444.taobao.com"; VariantName = "[No Variations]"
Added Component: Designator=C2(C0805_L)
Add component (AddParameter): Name = "BOM名称"; Value = "无极性贴片电容"; VariantName = "[No Variations]"
Add component (AddParameter): Name = "联系卖家，免费查找封装"; Value = "唯一出售店铺网址https://shop463601444.taobao.com"; VariantName = "[No Variations]"
Added Component: Designator=C3(C0805_L)
Add component (AddParameter): Name = "BOM名称"; Value = "无极性贴片电容"; VariantName = "[No Variations]"
Add component (AddParameter): Name = "联系卖家，免费查找封装"; Value = "唯一出售店铺网址https://shop463601444.taobao.com"; VariantName = "[No Variations]"
Added Component: Designator=C4(C0805_L)
Add component (AddParameter): Name = "BOM名称"; Value = "无极性贴片电容"; VariantName = "[No Variations]"
Add component (AddParameter): Name = "联系卖家，免费查找封装"; Value = "唯一出售店铺网址https://shop463601444.taobao.com"; VariantName = "[No Variations]"
Added Component: Designator=C5(C0805_L)
Add component (AddParameter): Name = "BOM名称"; Value = "无极性贴片电容"; VariantName = "[No Variations]"
Add component (AddParameter): Name = "联系卖家，免费查找封装"; Value = "唯一出售店铺网址https://shop463601444.taobao.com"; VariantName = "[No Variations]"
Added Component: Designator=C6(C0805_L)
Add component (AddParameter): Name = "BOM名称"; Value = "无极性贴片电容"; VariantName = "[No Variations]"
Add component (AddParameter): Name = "联系卖家，免费查找封装"; Value = "唯一出售店铺网址https://shop463601444.taobao.com"; VariantName = "[No Variations]"
Added Component: Designator=C7(C0805_L)
Add component (AddParameter): Name = "BOM名称"; Value = "无极性贴片电容"; VariantName = "[No Variations]"
Add component (AddParameter): Name = "联系卖家，免费查找封装"; Value = "唯一出售店铺网址https://shop463601444.taobao.com"; VariantName = "[No Variations]"
Added Component: Designator=C8(C0805_L)
Add component (AddParameter): Name = "BOM名称"; Value = "无极性贴片电容"; VariantName = "[No Variations]"
Add component (AddParameter): Name = "联系卖家，免费查找封装"; Value = "唯一出售店铺网址https://shop463601444.taobao.com"; VariantName = "[No Variations]"
Added Component: Designator=C9(C0805_L)
Add component (AddParameter): Name = "BOM名称"; Value = "无极性贴片电容"; VariantName = "[No Variations]"
Add component (AddParameter): Name = "联系卖家，免费查找封装"; Value = "唯一出售店铺网址https://shop463601444.taobao.com"; VariantName = "[No Variations]"
Added Component: Designator=LED1(LED0805_R)
Add component (AddParameter): Name = "BOM名称"; Value = "贴片LED"; VariantName = "[No Variations]"
Add component (AddParameter): Name = "封装库来自淘宝卖家ID：黄晶宝石"; Value = "其他店铺购入均为盗版封装库，请立即申请退款，本店现金奖励20~200元"; VariantName = "[No Variations]"
Added Component: Designator=R1(R0805_L)
Add component (AddParameter): Name = "BOM名称"; Value = "贴片电阻"; VariantName = "[No Variations]"
Add component (AddParameter): Name = "联系卖家，免费查找封装"; Value = "唯一出售店铺网址https://shop463601444.taobao.com"; VariantName = "[No Variations]"
Added Component: Designator=SP1(M3x4_N)
Add component (AddParameter): Name = "BOM名称"; Value = "铜柱"; VariantName = "[No Variations]"
Add component (AddParameter): Name = "封装库来自淘宝卖家ID：黄晶宝石"; Value = "其他店铺购入的，请立即申请退款，本店现金奖励20~500元"; VariantName = "[No Variations]"
Add component (AddParameter): Name = "联系卖家，免费查找封装"; Value = "唯一出售店铺网址https://shop463601444.taobao.com"; VariantName = "[No Variations]"
Added Component: Designator=SP2(M3x4_N)
Add component (AddParameter): Name = "BOM名称"; Value = "铜柱"; VariantName = "[No Variations]"
Add component (AddParameter): Name = "封装库来自淘宝卖家ID：黄晶宝石"; Value = "其他店铺购入的，请立即申请退款，本店现金奖励20~500元"; VariantName = "[No Variations]"
Add component (AddParameter): Name = "联系卖家，免费查找封装"; Value = "唯一出售店铺网址https://shop463601444.taobao.com"; VariantName = "[No Variations]"
Added Component: Designator=SP3(M3x4_N)
Add component (AddParameter): Name = "BOM名称"; Value = "铜柱"; VariantName = "[No Variations]"
Add component (AddParameter): Name = "封装库来自淘宝卖家ID：黄晶宝石"; Value = "其他店铺购入的，请立即申请退款，本店现金奖励20~500元"; VariantName = "[No Variations]"
Add component (AddParameter): Name = "联系卖家，免费查找封装"; Value = "唯一出售店铺网址https://shop463601444.taobao.com"; VariantName = "[No Variations]"
Added Component: Designator=SP4(M3x4_N)
Add component (AddParameter): Name = "BOM名称"; Value = "铜柱"; VariantName = "[No Variations]"
Add component (AddParameter): Name = "封装库来自淘宝卖家ID：黄晶宝石"; Value = "其他店铺购入的，请立即申请退款，本店现金奖励20~500元"; VariantName = "[No Variations]"
Add component (AddParameter): Name = "联系卖家，免费查找封装"; Value = "唯一出售店铺网址https://shop463601444.taobao.com"; VariantName = "[No Variations]"
Added Component: Designator=U1(SOP16)
Added Component: Designator=U2(SOT223_M)
Add component (AddParameter): Name = "BOM名称"; Value = "稳压芯片"; VariantName = "[No Variations]"
Add component (AddParameter): Name = "封装库来自淘宝卖家ID：黄晶宝石"; Value = "其他店铺购入的买家，请立即申请退款，本店现金奖励20~1000元"; VariantName = "[No Variations]"
Added Component: Designator=USB1(USB2.0_Type-A_DIP_F_1)
Add component (AddParameter): Name = "BOM名称"; Value = "USB2.0_Type-A母座"; VariantName = "[No Variations]"
Add component (AddParameter): Name = "联系卖家 免费技术支持"; Value = "封装库来自淘宝卖家ID：黄晶宝石"; VariantName = "[No Variations]"
Added Component: Designator=USB2(USB2.0_Type-A_DIP_F_1)
Add component (AddParameter): Name = "BOM名称"; Value = "USB2.0_Type-A母座"; VariantName = "[No Variations]"
Add component (AddParameter): Name = "联系卖家 免费技术支持"; Value = "封装库来自淘宝卖家ID：黄晶宝石"; VariantName = "[No Variations]"
Added Component: Designator=USB3(USB2.0_MICRO-B_1)
Add component (AddParameter): Name = "BOM名称"; Value = "USB2.0_Micro-B母座"; VariantName = "[No Variations]"
Add component (AddParameter): Name = "联系卖家 免费技术支持"; Value = "封装库来自淘宝卖家ID：黄晶宝石"; VariantName = "[No Variations]"
Added Component: Designator=USB4(USB2.0_Type-A_DIP_F_1)
Add component (AddParameter): Name = "BOM名称"; Value = "USB2.0_Type-A母座"; VariantName = "[No Variations]"
Add component (AddParameter): Name = "联系卖家 免费技术支持"; Value = "封装库来自淘宝卖家ID：黄晶宝石"; VariantName = "[No Variations]"
Added Component: Designator=USB5(USB2.0_Type-A_DIP_F_1)
Add component (AddParameter): Name = "BOM名称"; Value = "USB2.0_Type-A母座"; VariantName = "[No Variations]"
Add component (AddParameter): Name = "联系卖家 免费技术支持"; Value = "封装库来自淘宝卖家ID：黄晶宝石"; VariantName = "[No Variations]"
Added Component: Designator=X1(HC-49S)
Add component (AddParameter): Name = "BOM名称"; Value = "2脚无源晶振(谐振器）"; VariantName = "[No Variations]"
Add component (AddParameter): Name = "联系卖家，免费查找封装"; Value = "唯一出售店铺网址https://shop463601444.taobao.com"; VariantName = "[No Variations]"
Added Pin To Net: NetName=VCC3V3 Pin=C1-1
Added Pin To Net: NetName=GND Pin=C1-2
Added Pin To Net: NetName=VCC3V3 Pin=C2-1
Added Pin To Net: NetName=GND Pin=C2-2
Added Pin To Net: NetName=VCC Pin=C3-1
Added Pin To Net: NetName=GND Pin=C3-2
Added Pin To Net: NetName=GND Pin=C4-1
Added Pin To Net: NetName=VCC Pin=C4-2
Added Pin To Net: NetName=GND Pin=C5-1
Added Pin To Net: NetName=VCC Pin=C5-2
Added Pin To Net: NetName=GND Pin=C6-1
Added Pin To Net: NetName=VCC Pin=C6-2
Added Pin To Net: NetName=GND Pin=C7-1
Added Pin To Net: NetName=VCC Pin=C7-2
Added Pin To Net: NetName=GND Pin=C8-1
Added Pin To Net: NetName=VCC3V3 Pin=C8-2
Added Pin To Net: NetName=GND Pin=C9-1
Added Pin To Net: NetName=VCC3V3 Pin=C9-2
Added Pin To Net: NetName=NetLED1_1 Pin=LED1-1
Added Pin To Net: NetName=GND Pin=LED1-2
Added Pin To Net: NetName=VCC Pin=R1-1
Added Pin To Net: NetName=NetLED1_1 Pin=R1-2
Added Pin To Net: NetName=GND Pin=SP1-1
Added Pin To Net: NetName=GND Pin=SP1-1
Added Pin To Net: NetName=GND Pin=SP1-1
Added Pin To Net: NetName=GND Pin=SP1-1
Added Pin To Net: NetName=GND Pin=SP1-1
Added Pin To Net: NetName=GND Pin=SP1-1
Added Pin To Net: NetName=GND Pin=SP1-1
Added Pin To Net: NetName=GND Pin=SP2-1
Added Pin To Net: NetName=GND Pin=SP2-1
Added Pin To Net: NetName=GND Pin=SP2-1
Added Pin To Net: NetName=GND Pin=SP2-1
Added Pin To Net: NetName=GND Pin=SP2-1
Added Pin To Net: NetName=GND Pin=SP2-1
Added Pin To Net: NetName=GND Pin=SP2-1
Added Pin To Net: NetName=GND Pin=SP3-1
Added Pin To Net: NetName=GND Pin=SP3-1
Added Pin To Net: NetName=GND Pin=SP3-1
Added Pin To Net: NetName=GND Pin=SP3-1
Added Pin To Net: NetName=GND Pin=SP3-1
Added Pin To Net: NetName=GND Pin=SP3-1
Added Pin To Net: NetName=GND Pin=SP3-1
Added Pin To Net: NetName=GND Pin=SP4-1
Added Pin To Net: NetName=GND Pin=SP4-1
Added Pin To Net: NetName=GND Pin=SP4-1
Added Pin To Net: NetName=GND Pin=SP4-1
Added Pin To Net: NetName=GND Pin=SP4-1
Added Pin To Net: NetName=GND Pin=SP4-1
Added Pin To Net: NetName=GND Pin=SP4-1
Added Pin To Net: NetName=USB4_N Pin=U1-1
Added Pin To Net: NetName=USB4_P Pin=U1-2
Added Pin To Net: NetName=USB3_N Pin=U1-3
Added Pin To Net: NetName=USB3_P Pin=U1-4
Added Pin To Net: NetName=USB2_N Pin=U1-5
Added Pin To Net: NetName=USB2_P Pin=U1-6
Added Pin To Net: NetName=USB1_N Pin=U1-7
Added Pin To Net: NetName=USB1_P Pin=U1-8
Added Pin To Net: NetName=USB_N Pin=U1-10
Added Pin To Net: NetName=USB_P Pin=U1-11
Added Pin To Net: NetName=VCC Pin=U1-12
Added Pin To Net: NetName=VCC3V3 Pin=U1-13
Added Pin To Net: NetName=GND Pin=U1-14
Added Pin To Net: NetName=NetU1_15 Pin=U1-15
Added Pin To Net: NetName=NetU1_16 Pin=U1-16
Added Pin To Net: NetName=GND Pin=U2-1
Added Pin To Net: NetName=VCC3V3 Pin=U2-2
Added Pin To Net: NetName=VCC Pin=U2-3
Added Pin To Net: NetName=VCC Pin=USB1-1
Added Pin To Net: NetName=USB4_N Pin=USB1-2
Added Pin To Net: NetName=USB4_P Pin=USB1-3
Added Pin To Net: NetName=GND Pin=USB1-4
Added Pin To Net: NetName=GND Pin=USB1-4
Added Pin To Net: NetName=GND Pin=USB1-4
Added Pin To Net: NetName=VCC Pin=USB2-1
Added Pin To Net: NetName=USB3_N Pin=USB2-2
Added Pin To Net: NetName=USB3_P Pin=USB2-3
Added Pin To Net: NetName=GND Pin=USB2-4
Added Pin To Net: NetName=GND Pin=USB2-4
Added Pin To Net: NetName=GND Pin=USB2-4
Added Pin To Net: NetName=VCC Pin=USB3-1
Added Pin To Net: NetName=USB_N Pin=USB3-2
Added Pin To Net: NetName=USB_P Pin=USB3-3
Added Pin To Net: NetName=GND Pin=USB3-5
Added Pin To Net: NetName=GND Pin=USB3-5
Added Pin To Net: NetName=GND Pin=USB3-5
Added Pin To Net: NetName=GND Pin=USB3-5
Added Pin To Net: NetName=GND Pin=USB3-5
Added Pin To Net: NetName=VCC Pin=USB4-1
Added Pin To Net: NetName=USB2_N Pin=USB4-2
Added Pin To Net: NetName=USB2_P Pin=USB4-3
Added Pin To Net: NetName=GND Pin=USB4-4
Added Pin To Net: NetName=GND Pin=USB4-4
Added Pin To Net: NetName=GND Pin=USB4-4
Added Pin To Net: NetName=VCC Pin=USB5-1
Added Pin To Net: NetName=USB1_N Pin=USB5-2
Added Pin To Net: NetName=USB1_P Pin=USB5-3
Added Pin To Net: NetName=GND Pin=USB5-4
Added Pin To Net: NetName=GND Pin=USB5-4
Added Pin To Net: NetName=GND Pin=USB5-4
Added Pin To Net: NetName=NetU1_16 Pin=X1-1
Added Pin To Net: NetName=NetU1_15 Pin=X1-2
Added Member To Class: ClassName=mian Member=Component C1 0.1U
Added Member To Class: ClassName=mian Member=Component C2 10U
Added Member To Class: ClassName=mian Member=Component C3 1U
Added Member To Class: ClassName=mian Member=Component C4 10U
Added Member To Class: ClassName=mian Member=Component C5 10U
Added Member To Class: ClassName=mian Member=Component C6 10U
Added Member To Class: ClassName=mian Member=Component C7 104
Added Member To Class: ClassName=mian Member=Component C8 10U
Added Member To Class: ClassName=mian Member=Component C9 104
Added Member To Class: ClassName=mian Member=Component LED1 红色
Added Member To Class: ClassName=mian Member=Component R1 1K
Added Member To Class: ClassName=mian Member=Component SP1 M3铜柱
Added Member To Class: ClassName=mian Member=Component SP2 M3铜柱
Added Member To Class: ClassName=mian Member=Component SP3 M3铜柱
Added Member To Class: ClassName=mian Member=Component SP4 M3铜柱
Added Member To Class: ClassName=mian Member=Component U1 CH334G
Added Member To Class: ClassName=mian Member=Component U2 AMS1117-3V3
Added Member To Class: ClassName=mian Member=Component USB1 USB
Added Member To Class: ClassName=mian Member=Component USB2 USB
Added Member To Class: ClassName=mian Member=Component USB3 USB2.0_Micro-B
Added Member To Class: ClassName=mian Member=Component USB4 USB
Added Member To Class: ClassName=mian Member=Component USB5 USB
Added Member To Class: ClassName=mian Member=Component X1 12MHz
